SF:lib/src/core/config/app_config.dart
DA:7,1
DA:12,1
DA:13,1
DA:14,1
DA:15,1
LF:5
LH:5
end_of_record
SF:lib/src/core/failure/failure.dart
DA:2,5
DA:10,1
DA:12,1
DA:13,4
DA:15,3
DA:20,2
DA:24,5
LF:7
LH:7
end_of_record
SF:lib/src/core/shared/data/services/http_service.dart
DA:5,1
DA:7,0
DA:11,1
DA:16,3
DA:17,1
DA:18,1
DA:19,1
DA:20,2
DA:25,1
DA:31,2
DA:34,1
DA:36,1
DA:37,1
DA:38,1
DA:39,2
DA:44,1
DA:50,2
DA:53,1
DA:55,1
DA:56,1
DA:57,1
DA:58,2
DA:63,1
DA:68,3
DA:69,1
DA:70,1
DA:71,1
DA:72,2
DA:77,1
DA:83,2
DA:86,1
DA:88,1
DA:89,1
DA:90,1
DA:91,2
LF:35
LH:34
end_of_record
SF:lib/src/core/shared/domain/entities/employee.dart
DA:12,4
DA:21,1
DA:22,1
DA:23,1
DA:24,1
DA:25,1
DA:26,1
DA:27,1
DA:28,1
DA:31,2
DA:32,2
DA:33,2
DA:34,2
DA:35,2
DA:36,2
DA:37,4
DA:38,2
DA:42,2
DA:43,2
DA:44,2
DA:45,2
DA:46,2
DA:47,2
DA:48,4
DA:49,3
DA:53,1
DA:55,7
LF:27
LH:27
end_of_record
SF:lib/src/core/utils/extensions/string_extension.dart
DA:2,2
DA:3,4
DA:5,1
DA:6,2
DA:8,1
DA:10,1
DA:13,1
DA:15,2
DA:16,1
DA:17,1
DA:19,2
DA:20,2
DA:21,1
DA:22,1
DA:24,2
DA:29,2
DA:30,2
DA:31,4
DA:32,5
DA:33,4
DA:34,4
DA:35,4
DA:36,4
DA:37,4
LF:24
LH:24
end_of_record
SF:lib/src/features/employees/data/repositories/remote_employee_repository.dart
DA:7,1
DA:13,1
DA:16,2
DA:17,1
DA:18,1
DA:19,1
LF:6
LH:6
end_of_record
SF:lib/src/features/employees/view_model/employee_state.dart
DA:12,1
DA:17,1
LF:2
LH:2
end_of_record
SF:lib/src/features/employees/view_model/employee_view_model.dart
DA:7,1
DA:9,2
DA:15,1
DA:16,2
DA:17,2
DA:18,1
DA:19,3
DA:20,1
DA:21,3
DA:22,1
DA:23,3
DA:28,1
DA:29,2
DA:31,1
DA:32,1
DA:33,2
DA:34,2
DA:35,2
DA:36,2
DA:37,4
DA:39,1
DA:41,3
DA:42,2
DA:45,1
DA:46,4
DA:47,3
LF:26
LH:26
end_of_record
SF:lib/src/features/employees/data/services/employee_service.dart
DA:4,1
DA:9,1
DA:11,2
DA:13,2
DA:15,6
DA:19,4
DA:20,3
DA:22,3
LF:8
LH:8
end_of_record
